🔹 Comando a ser executado:
java -jar "/PHShome/pd004/FragAIEpigenetic/1-ChromHMM_Progressive/1-program/ChromHMM.jar" BinarizeBam -b 400 "/PHShome/pd004/FragAIEpigenetic/1-ChromHMM_Progressive/1-program/CHROMSIZES/hg19.txt" "/PHShome/pd004/FragAIEpigenetic/1-ChromHMM_Progressive/2-raw-files-sl" "/PHShome/pd004/FragAIEpigenetic/1-ChromHMM_Progressive/3-ChromHMM-Suport-Files/cellmarkfiletable_no_stacked.txt" "/PHShome/pd004/FragAIEpigenetic/1-ChromHMM_Progressive/3-ChromHMM-Suport-Files/0-BINS/0-Bins_400bp" 
Writing to file /PHShome/pd004/FragAIEpigenetic/1-ChromHMM_Progressive/3-ChromHMM-Suport-Files/0-BINS/0-Bins_400bp/patient2_chr1_binary.txt
Writing to file /PHShome/pd004/FragAIEpigenetic/1-ChromHMM_Progressive/3-ChromHMM-Suport-Files/0-BINS/0-Bins_400bp/patient2_chr2_binary.txt
Writing to file /PHShome/pd004/FragAIEpigenetic/1-ChromHMM_Progressive/3-ChromHMM-Suport-Files/0-BINS/0-Bins_400bp/patient2_chr3_binary.txt
Writing to file /PHShome/pd004/FragAIEpigenetic/1-ChromHMM_Progressive/3-ChromHMM-Suport-Files/0-BINS/0-Bins_400bp/patient2_chr4_binary.txt
Writing to file /PHShome/pd004/FragAIEpigenetic/1-ChromHMM_Progressive/3-ChromHMM-Suport-Files/0-BINS/0-Bins_400bp/patient2_chr5_binary.txt
Writing to file /PHShome/pd004/FragAIEpigenetic/1-ChromHMM_Progressive/3-ChromHMM-Suport-Files/0-BINS/0-Bins_400bp/patient2_chr6_binary.txt
Writing to file /PHShome/pd004/FragAIEpigenetic/1-ChromHMM_Progressive/3-ChromHMM-Suport-Files/0-BINS/0-Bins_400bp/patient2_chr7_binary.txt
Writing to file /PHShome/pd004/FragAIEpigenetic/1-ChromHMM_Progressive/3-ChromHMM-Suport-Files/0-BINS/0-Bins_400bp/patient2_chrX_binary.txt
Writing to file /PHShome/pd004/FragAIEpigenetic/1-ChromHMM_Progressive/3-ChromHMM-Suport-Files/0-BINS/0-Bins_400bp/patient2_chr8_binary.txt
Writing to file /PHShome/pd004/FragAIEpigenetic/1-ChromHMM_Progressive/3-ChromHMM-Suport-Files/0-BINS/0-Bins_400bp/patient2_chr9_binary.txt
Writing to file /PHShome/pd004/FragAIEpigenetic/1-ChromHMM_Progressive/3-ChromHMM-Suport-Files/0-BINS/0-Bins_400bp/patient2_chr10_binary.txt
Writing to file /PHShome/pd004/FragAIEpigenetic/1-ChromHMM_Progressive/3-ChromHMM-Suport-Files/0-BINS/0-Bins_400bp/patient2_chr11_binary.txt
Writing to file /PHShome/pd004/FragAIEpigenetic/1-ChromHMM_Progressive/3-ChromHMM-Suport-Files/0-BINS/0-Bins_400bp/patient2_chr12_binary.txt
Writing to file /PHShome/pd004/FragAIEpigenetic/1-ChromHMM_Progressive/3-ChromHMM-Suport-Files/0-BINS/0-Bins_400bp/patient2_chr13_binary.txt
Writing to file /PHShome/pd004/FragAIEpigenetic/1-ChromHMM_Progressive/3-ChromHMM-Suport-Files/0-BINS/0-Bins_400bp/patient2_chr14_binary.txt
Writing to file /PHShome/pd004/FragAIEpigenetic/1-ChromHMM_Progressive/3-ChromHMM-Suport-Files/0-BINS/0-Bins_400bp/patient2_chr15_binary.txt
Writing to file /PHShome/pd004/FragAIEpigenetic/1-ChromHMM_Progressive/3-ChromHMM-Suport-Files/0-BINS/0-Bins_400bp/patient2_chr16_binary.txt
Writing to file /PHShome/pd004/FragAIEpigenetic/1-ChromHMM_Progressive/3-ChromHMM-Suport-Files/0-BINS/0-Bins_400bp/patient2_chr17_binary.txt
Writing to file /PHShome/pd004/FragAIEpigenetic/1-ChromHMM_Progressive/3-ChromHMM-Suport-Files/0-BINS/0-Bins_400bp/patient2_chr18_binary.txt
Writing to file /PHShome/pd004/FragAIEpigenetic/1-ChromHMM_Progressive/3-ChromHMM-Suport-Files/0-BINS/0-Bins_400bp/patient2_chr20_binary.txt
Writing to file /PHShome/pd004/FragAIEpigenetic/1-ChromHMM_Progressive/3-ChromHMM-Suport-Files/0-BINS/0-Bins_400bp/patient2_chrY_binary.txt
Writing to file /PHShome/pd004/FragAIEpigenetic/1-ChromHMM_Progressive/3-ChromHMM-Suport-Files/0-BINS/0-Bins_400bp/patient2_chr19_binary.txt
Writing to file /PHShome/pd004/FragAIEpigenetic/1-ChromHMM_Progressive/3-ChromHMM-Suport-Files/0-BINS/0-Bins_400bp/patient2_chr22_binary.txt
Writing to file /PHShome/pd004/FragAIEpigenetic/1-ChromHMM_Progressive/3-ChromHMM-Suport-Files/0-BINS/0-Bins_400bp/patient2_chr21_binary.txt
Writing to file /PHShome/pd004/FragAIEpigenetic/1-ChromHMM_Progressive/3-ChromHMM-Suport-Files/0-BINS/0-Bins_400bp/patient2_chrM_binary.txt
Writing to file /PHShome/pd004/FragAIEpigenetic/1-ChromHMM_Progressive/3-ChromHMM-Suport-Files/0-BINS/0-Bins_400bp/patient1_chr1_binary.txt
Writing to file /PHShome/pd004/FragAIEpigenetic/1-ChromHMM_Progressive/3-ChromHMM-Suport-Files/0-BINS/0-Bins_400bp/patient1_chr2_binary.txt
Writing to file /PHShome/pd004/FragAIEpigenetic/1-ChromHMM_Progressive/3-ChromHMM-Suport-Files/0-BINS/0-Bins_400bp/patient1_chr3_binary.txt
Writing to file /PHShome/pd004/FragAIEpigenetic/1-ChromHMM_Progressive/3-ChromHMM-Suport-Files/0-BINS/0-Bins_400bp/patient1_chr4_binary.txt
Writing to file /PHShome/pd004/FragAIEpigenetic/1-ChromHMM_Progressive/3-ChromHMM-Suport-Files/0-BINS/0-Bins_400bp/patient1_chr5_binary.txt
Writing to file /PHShome/pd004/FragAIEpigenetic/1-ChromHMM_Progressive/3-ChromHMM-Suport-Files/0-BINS/0-Bins_400bp/patient1_chr6_binary.txt
Writing to file /PHShome/pd004/FragAIEpigenetic/1-ChromHMM_Progressive/3-ChromHMM-Suport-Files/0-BINS/0-Bins_400bp/patient1_chr7_binary.txt
Writing to file /PHShome/pd004/FragAIEpigenetic/1-ChromHMM_Progressive/3-ChromHMM-Suport-Files/0-BINS/0-Bins_400bp/patient1_chrX_binary.txt
Writing to file /PHShome/pd004/FragAIEpigenetic/1-ChromHMM_Progressive/3-ChromHMM-Suport-Files/0-BINS/0-Bins_400bp/patient1_chr8_binary.txt
Writing to file /PHShome/pd004/FragAIEpigenetic/1-ChromHMM_Progressive/3-ChromHMM-Suport-Files/0-BINS/0-Bins_400bp/patient1_chr9_binary.txt
Writing to file /PHShome/pd004/FragAIEpigenetic/1-ChromHMM_Progressive/3-ChromHMM-Suport-Files/0-BINS/0-Bins_400bp/patient1_chr10_binary.txt
Writing to file /PHShome/pd004/FragAIEpigenetic/1-ChromHMM_Progressive/3-ChromHMM-Suport-Files/0-BINS/0-Bins_400bp/patient1_chr11_binary.txt
Writing to file /PHShome/pd004/FragAIEpigenetic/1-ChromHMM_Progressive/3-ChromHMM-Suport-Files/0-BINS/0-Bins_400bp/patient1_chr12_binary.txt
Writing to file /PHShome/pd004/FragAIEpigenetic/1-ChromHMM_Progressive/3-ChromHMM-Suport-Files/0-BINS/0-Bins_400bp/patient1_chr13_binary.txt
Writing to file /PHShome/pd004/FragAIEpigenetic/1-ChromHMM_Progressive/3-ChromHMM-Suport-Files/0-BINS/0-Bins_400bp/patient1_chr14_binary.txt
Writing to file /PHShome/pd004/FragAIEpigenetic/1-ChromHMM_Progressive/3-ChromHMM-Suport-Files/0-BINS/0-Bins_400bp/patient1_chr15_binary.txt
Writing to file /PHShome/pd004/FragAIEpigenetic/1-ChromHMM_Progressive/3-ChromHMM-Suport-Files/0-BINS/0-Bins_400bp/patient1_chr16_binary.txt
Writing to file /PHShome/pd004/FragAIEpigenetic/1-ChromHMM_Progressive/3-ChromHMM-Suport-Files/0-BINS/0-Bins_400bp/patient1_chr17_binary.txt
Writing to file /PHShome/pd004/FragAIEpigenetic/1-ChromHMM_Progressive/3-ChromHMM-Suport-Files/0-BINS/0-Bins_400bp/patient1_chr18_binary.txt
Writing to file /PHShome/pd004/FragAIEpigenetic/1-ChromHMM_Progressive/3-ChromHMM-Suport-Files/0-BINS/0-Bins_400bp/patient1_chr20_binary.txt
Writing to file /PHShome/pd004/FragAIEpigenetic/1-ChromHMM_Progressive/3-ChromHMM-Suport-Files/0-BINS/0-Bins_400bp/patient1_chrY_binary.txt
Writing to file /PHShome/pd004/FragAIEpigenetic/1-ChromHMM_Progressive/3-ChromHMM-Suport-Files/0-BINS/0-Bins_400bp/patient1_chr19_binary.txt
Writing to file /PHShome/pd004/FragAIEpigenetic/1-ChromHMM_Progressive/3-ChromHMM-Suport-Files/0-BINS/0-Bins_400bp/patient1_chr22_binary.txt
Writing to file /PHShome/pd004/FragAIEpigenetic/1-ChromHMM_Progressive/3-ChromHMM-Suport-Files/0-BINS/0-Bins_400bp/patient1_chr21_binary.txt
Writing to file /PHShome/pd004/FragAIEpigenetic/1-ChromHMM_Progressive/3-ChromHMM-Suport-Files/0-BINS/0-Bins_400bp/patient1_chrM_binary.txt
Writing to file /PHShome/pd004/FragAIEpigenetic/1-ChromHMM_Progressive/3-ChromHMM-Suport-Files/0-BINS/0-Bins_400bp/patient3_chr1_binary.txt
Writing to file /PHShome/pd004/FragAIEpigenetic/1-ChromHMM_Progressive/3-ChromHMM-Suport-Files/0-BINS/0-Bins_400bp/patient3_chr2_binary.txt
Writing to file /PHShome/pd004/FragAIEpigenetic/1-ChromHMM_Progressive/3-ChromHMM-Suport-Files/0-BINS/0-Bins_400bp/patient3_chr3_binary.txt
Writing to file /PHShome/pd004/FragAIEpigenetic/1-ChromHMM_Progressive/3-ChromHMM-Suport-Files/0-BINS/0-Bins_400bp/patient3_chr4_binary.txt
Writing to file /PHShome/pd004/FragAIEpigenetic/1-ChromHMM_Progressive/3-ChromHMM-Suport-Files/0-BINS/0-Bins_400bp/patient3_chr5_binary.txt
Writing to file /PHShome/pd004/FragAIEpigenetic/1-ChromHMM_Progressive/3-ChromHMM-Suport-Files/0-BINS/0-Bins_400bp/patient3_chr6_binary.txt
Writing to file /PHShome/pd004/FragAIEpigenetic/1-ChromHMM_Progressive/3-ChromHMM-Suport-Files/0-BINS/0-Bins_400bp/patient3_chr7_binary.txt
Writing to file /PHShome/pd004/FragAIEpigenetic/1-ChromHMM_Progressive/3-ChromHMM-Suport-Files/0-BINS/0-Bins_400bp/patient3_chrX_binary.txt
Writing to file /PHShome/pd004/FragAIEpigenetic/1-ChromHMM_Progressive/3-ChromHMM-Suport-Files/0-BINS/0-Bins_400bp/patient3_chr8_binary.txt
Writing to file /PHShome/pd004/FragAIEpigenetic/1-ChromHMM_Progressive/3-ChromHMM-Suport-Files/0-BINS/0-Bins_400bp/patient3_chr9_binary.txt
Writing to file /PHShome/pd004/FragAIEpigenetic/1-ChromHMM_Progressive/3-ChromHMM-Suport-Files/0-BINS/0-Bins_400bp/patient3_chr10_binary.txt
Writing to file /PHShome/pd004/FragAIEpigenetic/1-ChromHMM_Progressive/3-ChromHMM-Suport-Files/0-BINS/0-Bins_400bp/patient3_chr11_binary.txt
Writing to file /PHShome/pd004/FragAIEpigenetic/1-ChromHMM_Progressive/3-ChromHMM-Suport-Files/0-BINS/0-Bins_400bp/patient3_chr12_binary.txt
Writing to file /PHShome/pd004/FragAIEpigenetic/1-ChromHMM_Progressive/3-ChromHMM-Suport-Files/0-BINS/0-Bins_400bp/patient3_chr13_binary.txt
Writing to file /PHShome/pd004/FragAIEpigenetic/1-ChromHMM_Progressive/3-ChromHMM-Suport-Files/0-BINS/0-Bins_400bp/patient3_chr14_binary.txt
Writing to file /PHShome/pd004/FragAIEpigenetic/1-ChromHMM_Progressive/3-ChromHMM-Suport-Files/0-BINS/0-Bins_400bp/patient3_chr15_binary.txt
Writing to file /PHShome/pd004/FragAIEpigenetic/1-ChromHMM_Progressive/3-ChromHMM-Suport-Files/0-BINS/0-Bins_400bp/patient3_chr16_binary.txt
Writing to file /PHShome/pd004/FragAIEpigenetic/1-ChromHMM_Progressive/3-ChromHMM-Suport-Files/0-BINS/0-Bins_400bp/patient3_chr17_binary.txt
Writing to file /PHShome/pd004/FragAIEpigenetic/1-ChromHMM_Progressive/3-ChromHMM-Suport-Files/0-BINS/0-Bins_400bp/patient3_chr18_binary.txt
Writing to file /PHShome/pd004/FragAIEpigenetic/1-ChromHMM_Progressive/3-ChromHMM-Suport-Files/0-BINS/0-Bins_400bp/patient3_chr20_binary.txt
Writing to file /PHShome/pd004/FragAIEpigenetic/1-ChromHMM_Progressive/3-ChromHMM-Suport-Files/0-BINS/0-Bins_400bp/patient3_chrY_binary.txt
Writing to file /PHShome/pd004/FragAIEpigenetic/1-ChromHMM_Progressive/3-ChromHMM-Suport-Files/0-BINS/0-Bins_400bp/patient3_chr19_binary.txt
Writing to file /PHShome/pd004/FragAIEpigenetic/1-ChromHMM_Progressive/3-ChromHMM-Suport-Files/0-BINS/0-Bins_400bp/patient3_chr22_binary.txt
Writing to file /PHShome/pd004/FragAIEpigenetic/1-ChromHMM_Progressive/3-ChromHMM-Suport-Files/0-BINS/0-Bins_400bp/patient3_chr21_binary.txt
Writing to file /PHShome/pd004/FragAIEpigenetic/1-ChromHMM_Progressive/3-ChromHMM-Suport-Files/0-BINS/0-Bins_400bp/patient3_chrM_binary.txt
Writing to file /PHShome/pd004/FragAIEpigenetic/1-ChromHMM_Progressive/3-ChromHMM-Suport-Files/0-BINS/0-Bins_400bp/patient4_120_chr1_binary.txt
Writing to file /PHShome/pd004/FragAIEpigenetic/1-ChromHMM_Progressive/3-ChromHMM-Suport-Files/0-BINS/0-Bins_400bp/patient4_120_chr2_binary.txt
Writing to file /PHShome/pd004/FragAIEpigenetic/1-ChromHMM_Progressive/3-ChromHMM-Suport-Files/0-BINS/0-Bins_400bp/patient4_120_chr3_binary.txt
Writing to file /PHShome/pd004/FragAIEpigenetic/1-ChromHMM_Progressive/3-ChromHMM-Suport-Files/0-BINS/0-Bins_400bp/patient4_120_chr4_binary.txt
Writing to file /PHShome/pd004/FragAIEpigenetic/1-ChromHMM_Progressive/3-ChromHMM-Suport-Files/0-BINS/0-Bins_400bp/patient4_120_chr5_binary.txt
Writing to file /PHShome/pd004/FragAIEpigenetic/1-ChromHMM_Progressive/3-ChromHMM-Suport-Files/0-BINS/0-Bins_400bp/patient4_120_chr6_binary.txt
Writing to file /PHShome/pd004/FragAIEpigenetic/1-ChromHMM_Progressive/3-ChromHMM-Suport-Files/0-BINS/0-Bins_400bp/patient4_120_chr7_binary.txt
Writing to file /PHShome/pd004/FragAIEpigenetic/1-ChromHMM_Progressive/3-ChromHMM-Suport-Files/0-BINS/0-Bins_400bp/patient4_120_chrX_binary.txt
Writing to file /PHShome/pd004/FragAIEpigenetic/1-ChromHMM_Progressive/3-ChromHMM-Suport-Files/0-BINS/0-Bins_400bp/patient4_120_chr8_binary.txt
Writing to file /PHShome/pd004/FragAIEpigenetic/1-ChromHMM_Progressive/3-ChromHMM-Suport-Files/0-BINS/0-Bins_400bp/patient4_120_chr9_binary.txt
Writing to file /PHShome/pd004/FragAIEpigenetic/1-ChromHMM_Progressive/3-ChromHMM-Suport-Files/0-BINS/0-Bins_400bp/patient4_120_chr10_binary.txt
Writing to file /PHShome/pd004/FragAIEpigenetic/1-ChromHMM_Progressive/3-ChromHMM-Suport-Files/0-BINS/0-Bins_400bp/patient4_120_chr11_binary.txt
Writing to file /PHShome/pd004/FragAIEpigenetic/1-ChromHMM_Progressive/3-ChromHMM-Suport-Files/0-BINS/0-Bins_400bp/patient4_120_chr12_binary.txt
Writing to file /PHShome/pd004/FragAIEpigenetic/1-ChromHMM_Progressive/3-ChromHMM-Suport-Files/0-BINS/0-Bins_400bp/patient4_120_chr13_binary.txt
Writing to file /PHShome/pd004/FragAIEpigenetic/1-ChromHMM_Progressive/3-ChromHMM-Suport-Files/0-BINS/0-Bins_400bp/patient4_120_chr14_binary.txt
Writing to file /PHShome/pd004/FragAIEpigenetic/1-ChromHMM_Progressive/3-ChromHMM-Suport-Files/0-BINS/0-Bins_400bp/patient4_120_chr15_binary.txt
Writing to file /PHShome/pd004/FragAIEpigenetic/1-ChromHMM_Progressive/3-ChromHMM-Suport-Files/0-BINS/0-Bins_400bp/patient4_120_chr16_binary.txt
Writing to file /PHShome/pd004/FragAIEpigenetic/1-ChromHMM_Progressive/3-ChromHMM-Suport-Files/0-BINS/0-Bins_400bp/patient4_120_chr17_binary.txt
Writing to file /PHShome/pd004/FragAIEpigenetic/1-ChromHMM_Progressive/3-ChromHMM-Suport-Files/0-BINS/0-Bins_400bp/patient4_120_chr18_binary.txt
Writing to file /PHShome/pd004/FragAIEpigenetic/1-ChromHMM_Progressive/3-ChromHMM-Suport-Files/0-BINS/0-Bins_400bp/patient4_120_chr20_binary.txt
Writing to file /PHShome/pd004/FragAIEpigenetic/1-ChromHMM_Progressive/3-ChromHMM-Suport-Files/0-BINS/0-Bins_400bp/patient4_120_chrY_binary.txt
Writing to file /PHShome/pd004/FragAIEpigenetic/1-ChromHMM_Progressive/3-ChromHMM-Suport-Files/0-BINS/0-Bins_400bp/patient4_120_chr19_binary.txt
Writing to file /PHShome/pd004/FragAIEpigenetic/1-ChromHMM_Progressive/3-ChromHMM-Suport-Files/0-BINS/0-Bins_400bp/patient4_120_chr22_binary.txt
Writing to file /PHShome/pd004/FragAIEpigenetic/1-ChromHMM_Progressive/3-ChromHMM-Suport-Files/0-BINS/0-Bins_400bp/patient4_120_chr21_binary.txt
Writing to file /PHShome/pd004/FragAIEpigenetic/1-ChromHMM_Progressive/3-ChromHMM-Suport-Files/0-BINS/0-Bins_400bp/patient4_120_chrM_binary.txt
Writing to file /PHShome/pd004/FragAIEpigenetic/1-ChromHMM_Progressive/3-ChromHMM-Suport-Files/0-BINS/0-Bins_400bp/patient5_chr1_binary.txt
Writing to file /PHShome/pd004/FragAIEpigenetic/1-ChromHMM_Progressive/3-ChromHMM-Suport-Files/0-BINS/0-Bins_400bp/patient5_chr2_binary.txt
Writing to file /PHShome/pd004/FragAIEpigenetic/1-ChromHMM_Progressive/3-ChromHMM-Suport-Files/0-BINS/0-Bins_400bp/patient5_chr3_binary.txt
Writing to file /PHShome/pd004/FragAIEpigenetic/1-ChromHMM_Progressive/3-ChromHMM-Suport-Files/0-BINS/0-Bins_400bp/patient5_chr4_binary.txt
Writing to file /PHShome/pd004/FragAIEpigenetic/1-ChromHMM_Progressive/3-ChromHMM-Suport-Files/0-BINS/0-Bins_400bp/patient5_chr5_binary.txt
Writing to file /PHShome/pd004/FragAIEpigenetic/1-ChromHMM_Progressive/3-ChromHMM-Suport-Files/0-BINS/0-Bins_400bp/patient5_chr6_binary.txt
Writing to file /PHShome/pd004/FragAIEpigenetic/1-ChromHMM_Progressive/3-ChromHMM-Suport-Files/0-BINS/0-Bins_400bp/patient5_chr7_binary.txt
Writing to file /PHShome/pd004/FragAIEpigenetic/1-ChromHMM_Progressive/3-ChromHMM-Suport-Files/0-BINS/0-Bins_400bp/patient5_chrX_binary.txt
Writing to file /PHShome/pd004/FragAIEpigenetic/1-ChromHMM_Progressive/3-ChromHMM-Suport-Files/0-BINS/0-Bins_400bp/patient5_chr8_binary.txt
Writing to file /PHShome/pd004/FragAIEpigenetic/1-ChromHMM_Progressive/3-ChromHMM-Suport-Files/0-BINS/0-Bins_400bp/patient5_chr9_binary.txt
Writing to file /PHShome/pd004/FragAIEpigenetic/1-ChromHMM_Progressive/3-ChromHMM-Suport-Files/0-BINS/0-Bins_400bp/patient5_chr10_binary.txt
Writing to file /PHShome/pd004/FragAIEpigenetic/1-ChromHMM_Progressive/3-ChromHMM-Suport-Files/0-BINS/0-Bins_400bp/patient5_chr11_binary.txt
Writing to file /PHShome/pd004/FragAIEpigenetic/1-ChromHMM_Progressive/3-ChromHMM-Suport-Files/0-BINS/0-Bins_400bp/patient5_chr12_binary.txt
Writing to file /PHShome/pd004/FragAIEpigenetic/1-ChromHMM_Progressive/3-ChromHMM-Suport-Files/0-BINS/0-Bins_400bp/patient5_chr13_binary.txt
Writing to file /PHShome/pd004/FragAIEpigenetic/1-ChromHMM_Progressive/3-ChromHMM-Suport-Files/0-BINS/0-Bins_400bp/patient5_chr14_binary.txt
Writing to file /PHShome/pd004/FragAIEpigenetic/1-ChromHMM_Progressive/3-ChromHMM-Suport-Files/0-BINS/0-Bins_400bp/patient5_chr15_binary.txt
Writing to file /PHShome/pd004/FragAIEpigenetic/1-ChromHMM_Progressive/3-ChromHMM-Suport-Files/0-BINS/0-Bins_400bp/patient5_chr16_binary.txt
Writing to file /PHShome/pd004/FragAIEpigenetic/1-ChromHMM_Progressive/3-ChromHMM-Suport-Files/0-BINS/0-Bins_400bp/patient5_chr17_binary.txt
Writing to file /PHShome/pd004/FragAIEpigenetic/1-ChromHMM_Progressive/3-ChromHMM-Suport-Files/0-BINS/0-Bins_400bp/patient5_chr18_binary.txt
Writing to file /PHShome/pd004/FragAIEpigenetic/1-ChromHMM_Progressive/3-ChromHMM-Suport-Files/0-BINS/0-Bins_400bp/patient5_chr20_binary.txt
Writing to file /PHShome/pd004/FragAIEpigenetic/1-ChromHMM_Progressive/3-ChromHMM-Suport-Files/0-BINS/0-Bins_400bp/patient5_chrY_binary.txt
Writing to file /PHShome/pd004/FragAIEpigenetic/1-ChromHMM_Progressive/3-ChromHMM-Suport-Files/0-BINS/0-Bins_400bp/patient5_chr19_binary.txt
Writing to file /PHShome/pd004/FragAIEpigenetic/1-ChromHMM_Progressive/3-ChromHMM-Suport-Files/0-BINS/0-Bins_400bp/patient5_chr22_binary.txt
Writing to file /PHShome/pd004/FragAIEpigenetic/1-ChromHMM_Progressive/3-ChromHMM-Suport-Files/0-BINS/0-Bins_400bp/patient5_chr21_binary.txt
Writing to file /PHShome/pd004/FragAIEpigenetic/1-ChromHMM_Progressive/3-ChromHMM-Suport-Files/0-BINS/0-Bins_400bp/patient5_chrM_binary.txt
Writing to file /PHShome/pd004/FragAIEpigenetic/1-ChromHMM_Progressive/3-ChromHMM-Suport-Files/0-BINS/0-Bins_400bp/patient4_60_chr1_binary.txt
Writing to file /PHShome/pd004/FragAIEpigenetic/1-ChromHMM_Progressive/3-ChromHMM-Suport-Files/0-BINS/0-Bins_400bp/patient4_60_chr2_binary.txt
Writing to file /PHShome/pd004/FragAIEpigenetic/1-ChromHMM_Progressive/3-ChromHMM-Suport-Files/0-BINS/0-Bins_400bp/patient4_60_chr3_binary.txt
Writing to file /PHShome/pd004/FragAIEpigenetic/1-ChromHMM_Progressive/3-ChromHMM-Suport-Files/0-BINS/0-Bins_400bp/patient4_60_chr4_binary.txt
Writing to file /PHShome/pd004/FragAIEpigenetic/1-ChromHMM_Progressive/3-ChromHMM-Suport-Files/0-BINS/0-Bins_400bp/patient4_60_chr5_binary.txt
Writing to file /PHShome/pd004/FragAIEpigenetic/1-ChromHMM_Progressive/3-ChromHMM-Suport-Files/0-BINS/0-Bins_400bp/patient4_60_chr6_binary.txt
Writing to file /PHShome/pd004/FragAIEpigenetic/1-ChromHMM_Progressive/3-ChromHMM-Suport-Files/0-BINS/0-Bins_400bp/patient4_60_chr7_binary.txt
Writing to file /PHShome/pd004/FragAIEpigenetic/1-ChromHMM_Progressive/3-ChromHMM-Suport-Files/0-BINS/0-Bins_400bp/patient4_60_chrX_binary.txt
Writing to file /PHShome/pd004/FragAIEpigenetic/1-ChromHMM_Progressive/3-ChromHMM-Suport-Files/0-BINS/0-Bins_400bp/patient4_60_chr8_binary.txt
Writing to file /PHShome/pd004/FragAIEpigenetic/1-ChromHMM_Progressive/3-ChromHMM-Suport-Files/0-BINS/0-Bins_400bp/patient4_60_chr9_binary.txt
Writing to file /PHShome/pd004/FragAIEpigenetic/1-ChromHMM_Progressive/3-ChromHMM-Suport-Files/0-BINS/0-Bins_400bp/patient4_60_chr10_binary.txt
Writing to file /PHShome/pd004/FragAIEpigenetic/1-ChromHMM_Progressive/3-ChromHMM-Suport-Files/0-BINS/0-Bins_400bp/patient4_60_chr11_binary.txt
Writing to file /PHShome/pd004/FragAIEpigenetic/1-ChromHMM_Progressive/3-ChromHMM-Suport-Files/0-BINS/0-Bins_400bp/patient4_60_chr12_binary.txt
Writing to file /PHShome/pd004/FragAIEpigenetic/1-ChromHMM_Progressive/3-ChromHMM-Suport-Files/0-BINS/0-Bins_400bp/patient4_60_chr13_binary.txt
Writing to file /PHShome/pd004/FragAIEpigenetic/1-ChromHMM_Progressive/3-ChromHMM-Suport-Files/0-BINS/0-Bins_400bp/patient4_60_chr14_binary.txt
Writing to file /PHShome/pd004/FragAIEpigenetic/1-ChromHMM_Progressive/3-ChromHMM-Suport-Files/0-BINS/0-Bins_400bp/patient4_60_chr15_binary.txt
Writing to file /PHShome/pd004/FragAIEpigenetic/1-ChromHMM_Progressive/3-ChromHMM-Suport-Files/0-BINS/0-Bins_400bp/patient4_60_chr16_binary.txt
Writing to file /PHShome/pd004/FragAIEpigenetic/1-ChromHMM_Progressive/3-ChromHMM-Suport-Files/0-BINS/0-Bins_400bp/patient4_60_chr17_binary.txt
Writing to file /PHShome/pd004/FragAIEpigenetic/1-ChromHMM_Progressive/3-ChromHMM-Suport-Files/0-BINS/0-Bins_400bp/patient4_60_chr18_binary.txt
Writing to file /PHShome/pd004/FragAIEpigenetic/1-ChromHMM_Progressive/3-ChromHMM-Suport-Files/0-BINS/0-Bins_400bp/patient4_60_chr20_binary.txt
Writing to file /PHShome/pd004/FragAIEpigenetic/1-ChromHMM_Progressive/3-ChromHMM-Suport-Files/0-BINS/0-Bins_400bp/patient4_60_chrY_binary.txt
Writing to file /PHShome/pd004/FragAIEpigenetic/1-ChromHMM_Progressive/3-ChromHMM-Suport-Files/0-BINS/0-Bins_400bp/patient4_60_chr19_binary.txt
Writing to file /PHShome/pd004/FragAIEpigenetic/1-ChromHMM_Progressive/3-ChromHMM-Suport-Files/0-BINS/0-Bins_400bp/patient4_60_chr22_binary.txt
Writing to file /PHShome/pd004/FragAIEpigenetic/1-ChromHMM_Progressive/3-ChromHMM-Suport-Files/0-BINS/0-Bins_400bp/patient4_60_chr21_binary.txt
Writing to file /PHShome/pd004/FragAIEpigenetic/1-ChromHMM_Progressive/3-ChromHMM-Suport-Files/0-BINS/0-Bins_400bp/patient4_60_chrM_binary.txt
